2025-06-13 08:36:00,540 - ERROR - 오류: .env 파일에 MOCK_KIS_APP_KEY, MOCK_KIS_APP_SECRET 또는 MOCK_KIS_ACCOUNT_NO 정보가 없습니다.
2025-06-13 08:36:00,541 - ERROR - trader.py와 같은 경로에 .env 파일이 있는지, 변수명이 올바른지 확인해주세요.
2025-06-13 08:38:26,387 - ERROR - 오류: .env 파일에서 환경 변수를 찾을 수 없습니다.
2025-06-13 08:38:26,387 - ERROR - trader.py와 같은 경로에 .env 파일이 있는지, 아래의 변수명이 올바르게 설정되어 있는지 확인해주세요.
2025-06-13 08:38:26,388 - ERROR - 필요한 변수명 예시: 'MOCK_KIS_APP_KEY' 또는 'MOCK_APP_KEY', 'MOCK_KIS_APP_SECRET', 'MOCK_KIS_ACCOUNT_NO'
2025-06-13 08:40:27,172 - ERROR - 오류: .env 파일에서 환경 변수를 찾을 수 없습니다.
2025-06-13 08:40:27,172 - ERROR - trader.py와 같은 경로에 .env 파일이 있는지, 아래의 변수명이 올바르게 설정되어 있는지 확인해주세요.
2025-06-13 08:40:27,172 - ERROR - 필요한 변수명 예시: 'MOCK_KIS_APP_KEY' 또는 'MOCK_APP_KEY', 'MOCK_KIS_APP_SECRET', 'MOCK_KIS_ACCOUNT_NO'
2025-06-13 08:43:29,125 - ERROR - 오류: .env 파일에서 환경 변수를 찾을 수 없습니다.
2025-06-13 08:43:29,127 - ERROR - trader.py와 같은 경로에 .env 파일이 있는지, 아래의 변수명이 올바르게 설정되어 있는지 확인해주세요.
2025-06-13 08:43:29,127 - ERROR - 필요한 변수명 예시: 'MOCK_KIS_APP_KEY' 또는 'MOCK_APP_KEY', 'MOCK_KIS_APP_SECRET', 'MOCK_KIS_ACCOUNT_NO'
2025-06-13 08:48:54,834 - ERROR - ======================================================================
2025-06-13 08:48:54,835 - ERROR - !!! [치명적 오류] 설정 파일 로드 실패 !!!
2025-06-13 08:48:54,836 - ERROR - 'config.py' 파일이 존재하지 않습니다.
2025-06-13 08:48:54,836 - ERROR - 1. 좌측 파일 목록에서 'config.py.example' 파일을 찾으십시오.
2025-06-13 08:48:54,837 - ERROR - 2. 그 파일의 이름을 'config.py'로 변경하십시오.
2025-06-13 08:48:54,837 - ERROR - 3. 'config.py' 파일을 열고, YOUR_... 로 된 부분을 실제 정보로 채워주십시오.
2025-06-13 08:48:54,837 - ERROR - ======================================================================
2025-06-13 08:49:50,253 - ERROR - ======================================================================
2025-06-13 08:49:50,254 - ERROR - !!! [치명적 오류] 설정 파일 로드 실패 !!!
2025-06-13 08:49:50,254 - ERROR - 'config.py' 파일이 존재하지 않습니다.
2025-06-13 08:49:50,255 - ERROR - 1. 좌측 파일 목록에서 'config.py.example' 파일을 찾으십시오.
2025-06-13 08:49:50,255 - ERROR - 2. 그 파일의 이름을 'config.py'로 변경하십시오.
2025-06-13 08:49:50,256 - ERROR - 3. 'config.py' 파일을 열고, YOUR_... 로 된 부분을 실제 정보로 채워주십시오.
2025-06-13 08:49:50,256 - ERROR - ======================================================================
2025-06-13 08:51:23,077 - ERROR - ======================================================================
2025-06-13 08:51:23,078 - ERROR - !!! [오류] 설정 값 누락 !!!
2025-06-13 08:51:23,078 - ERROR - 'trader.py' 파일의 설정 값을 올바르게 입력했는지 확인해주십시오.
2025-06-13 08:51:23,079 - ERROR - 파일을 열어 `main()` 함수 안의 'YOUR_...'로 된 부분을 실제 정보로 채웠는지 확인해주십시오.
2025-06-13 08:51:23,079 - ERROR - ======================================================================
2025-06-13 08:57:40,870 - INFO - 설정 값 로드 완료. 시스템을 시작합니다.
2025-06-13 08:57:41,055 - INFO - Trader 초기화 완료. 모의투자 모드로 시작합니다.
2025-06-13 08:57:41,055 - INFO - === 아르키메데스 프로젝트 자동매매 시스템 가동 ===
2025-06-13 08:57:41,056 - INFO - 장 운영 시간 아님. 현재시간: 08:57:41.055765. 다음 정규장까지 대기.
2025-06-13 09:07:22,655 - WARNING - AI 분석 기능 없이 기본 매매 시스템으로 작동합니다.
2025-06-13 09:07:22,656 - WARNING - Google AI Studio(https://makersuite.google.com/app/apikey)에서 무료 API 키를 발급받으세요.
2025-06-13 09:07:22,863 - WARNING - 제미나이 API 키가 없어 AI 분석 기능이 비활성화됩니다
2025-06-13 09:07:22,864 - INFO - AdvancedTrader 초기화 완료. 모의투자 모드
2025-06-13 09:07:22,984 - INFO - 거래량 상위 종목 조회 중...
2025-06-13 09:07:27,921 - INFO - 거래대금 상위 종목 조회 중...
2025-06-13 09:07:30,026 - INFO - 등락률 순위 조회 중...
2025-06-13 09:07:35,020 - INFO - 외국인/기관 순매수 순위 조회 중...
2025-06-13 09:07:35,020 - INFO - 업종별 등락률 조회 중...
2025-06-13 09:07:35,021 - INFO - 시장 랭킹 데이터 수집 완료
2025-06-13 09:07:35,021 - WARNING - 제미나이 AI가 설정되지 않아 분석을 건너뜁니다
2025-06-13 09:07:35,021 - WARNING - AI 시장 분석 결과를 받지 못했습니다
2025-06-13 09:07:36,104 - ERROR - 기술적 분석 중 오류 발생: unsupported format string passed to Series.__format__
2025-06-13 09:10:58,052 - INFO - 제미나이 AI 연동 완료
2025-06-13 09:10:58,053 - INFO - AdvancedTrader 초기화 완료. 모의투자 모드
2025-06-13 09:10:58,175 - INFO - 거래량 상위 종목 조회 중...
2025-06-13 09:11:03,140 - INFO - 거래대금 상위 종목 조회 중...
2025-06-13 09:11:05,210 - INFO - 등락률 순위 조회 중...
